0 info it worked if it ends with ok
1 verbose cli [ '/usr/bin/node', '/usr/bin/npm', 'install', 'yuidoc' ]
2 info using npm@1.4.28
3 info using node@v0.10.33
4 verbose node symlink /usr/bin/node
5 warn package.json testApplication@1.0.0 No description
6 warn package.json testApplication@1.0.0 No repository field.
7 verbose readDependencies using package.json deps
8 verbose cache add [ 'yuidoc', null ]
9 verbose cache add name=undefined spec="yuidoc" args=["yuidoc",null]
10 verbose parsed url { protocol: null,
10 verbose parsed url   slashes: null,
10 verbose parsed url   auth: null,
10 verbose parsed url   host: null,
10 verbose parsed url   port: null,
10 verbose parsed url   hostname: null,
10 verbose parsed url   hash: null,
10 verbose parsed url   search: null,
10 verbose parsed url   query: null,
10 verbose parsed url   pathname: 'yuidoc',
10 verbose parsed url   path: 'yuidoc',
10 verbose parsed url   href: 'yuidoc' }
11 silly lockFile 093afba7-yuidoc yuidoc
12 verbose lock yuidoc /home/oliver/.npm/093afba7-yuidoc.lock
13 silly lockFile 093afba7-yuidoc yuidoc
14 silly lockFile 093afba7-yuidoc yuidoc
15 verbose addNamed [ 'yuidoc', '' ]
16 verbose addNamed [ null, '*' ]
17 silly lockFile 300883d3-yuidoc yuidoc@
18 verbose lock yuidoc@ /home/oliver/.npm/300883d3-yuidoc.lock
19 silly addNameRange { name: 'yuidoc', range: '*', hasData: false }
20 verbose request where is /ypxzk96Zy9N9FTzM3BKR/muchweb/yuidoc
21 verbose request registry https://npm-proxy.fury.io/
22 verbose request id 808bc97459abf754
23 verbose url raw /ypxzk96Zy9N9FTzM3BKR/muchweb/yuidoc
24 verbose url resolving [ 'https://npm-proxy.fury.io/',
24 verbose url resolving   './ypxzk96Zy9N9FTzM3BKR/muchweb/yuidoc' ]
25 verbose url resolved https://npm-proxy.fury.io/ypxzk96Zy9N9FTzM3BKR/muchweb/yuidoc
26 verbose request where is https://npm-proxy.fury.io/ypxzk96Zy9N9FTzM3BKR/muchweb/yuidoc
27 info trying registry request attempt 1 at 15:40:40
28 http GET https://npm-proxy.fury.io/ypxzk96Zy9N9FTzM3BKR/muchweb/yuidoc
29 http 404 https://npm-proxy.fury.io/ypxzk96Zy9N9FTzM3BKR/muchweb/yuidoc
30 verbose headers { connection: 'keep-alive',
30 verbose headers   'accept-ranges': 'bytes',
30 verbose headers   age: '0',
30 verbose headers   'cache-control': 'max-age=0',
30 verbose headers   'content-length': '51',
30 verbose headers   'content-type': 'application/json',
30 verbose headers   date: 'Sat, 09 May 2015 14:40:41 GMT',
30 verbose headers   server: 'CouchDB/1.5.0 (Erlang OTP/R16B03)',
30 verbose headers   via: '1.1 varnish, 1.1 vegur',
30 verbose headers   'x-cache': 'MISS',
30 verbose headers   'x-cache-hits': '0',
30 verbose headers   'x-served-by': 'cache-atl6230-ATL',
30 verbose headers   'x-timer': 'S1431182441.383844,VS0,VE82' }
31 silly registry.get cb [ 404,
31 silly registry.get   { connection: 'keep-alive',
31 silly registry.get     'accept-ranges': 'bytes',
31 silly registry.get     age: '0',
31 silly registry.get     'cache-control': 'max-age=0',
31 silly registry.get     'content-length': '51',
31 silly registry.get     'content-type': 'application/json',
31 silly registry.get     date: 'Sat, 09 May 2015 14:40:41 GMT',
31 silly registry.get     server: 'CouchDB/1.5.0 (Erlang OTP/R16B03)',
31 silly registry.get     via: '1.1 varnish, 1.1 vegur',
31 silly registry.get     'x-cache': 'MISS',
31 silly registry.get     'x-cache-hits': '0',
31 silly registry.get     'x-served-by': 'cache-atl6230-ATL',
31 silly registry.get     'x-timer': 'S1431182441.383844,VS0,VE82' } ]
32 silly lockFile 300883d3-yuidoc yuidoc@
33 silly lockFile 300883d3-yuidoc yuidoc@
34 error 404 404 Not Found: ypxzk96Zy9N9FTzM3BKR
34 error 404
34 error 404 'ypxzk96Zy9N9FTzM3BKR' is not in the npm registry.
34 error 404 You should bug the author to publish it
34 error 404 It was specified as a dependency of 'testApplication'
34 error 404
34 error 404 Note that you can also install from a
34 error 404 tarball, folder, or http url, or git url.
35 error System Linux 3.13.0-32-generic
36 error command "/usr/bin/node" "/usr/bin/npm" "install" "yuidoc"
37 error cwd /var/www/html/testApplication
38 error node -v v0.10.33
39 error npm -v 1.4.28
40 error code E404
41 verbose exit [ 1, true ]
